stretching 40.0
type_eddy 1.0
dy 500.0
H_eddy 200.0
V0_eddy 0.5
ngrid_y 400.0
Lx 200000.0
Lz 4000.0
dx 500.0
ngrid_z 100.0
R_eddy 10000.0
power_shape 20.0
refinement 4.0
Ly 200000.0
ngrid_x 400.0
i: 0000, t: 0 seconds, Δt: 1.100 seconds, umax = (5.0e-01, 5.0e-01, 1.0e-03) ms⁻¹, wall time: 0 seconds
i: 1000, t: 6.245 hours, Δt: 30 seconds, umax = (5.0e-01, 5.0e-01, 5.1e-03) ms⁻¹, wall time: 3.287 minutes
i: 2000, t: 14.578 hours, Δt: 30 seconds, umax = (4.9e-01, 4.9e-01, 4.1e-03) ms⁻¹, wall time: 5.141 minutes
i: 3000, t: 22.911 hours, Δt: 30 seconds, umax = (4.9e-01, 4.8e-01, 3.8e-03) ms⁻¹, wall time: 7.174 minutes
i: 4000, t: 1.302 days, Δt: 30 seconds, umax = (4.9e-01, 4.9e-01, 7.2e-03) ms⁻¹, wall time: 9.288 minutes
i: 5000, t: 1.649 days, Δt: 30 seconds, umax = (4.9e-01, 4.9e-01, 6.1e-03) ms⁻¹, wall time: 11.324 minutes
i: 6000, t: 1.996 days, Δt: 30 seconds, umax = (4.9e-01, 4.9e-01, 1.9e-02) ms⁻¹, wall time: 13.317 minutes
i: 7000, t: 2.343 days, Δt: 30 seconds, umax = (4.9e-01, 4.9e-01, 3.2e-02) ms⁻¹, wall time: 15.386 minutes
i: 8000, t: 2.691 days, Δt: 30 seconds, umax = (4.9e-01, 4.9e-01, 2.1e-02) ms⁻¹, wall time: 17.445 minutes
i: 9000, t: 3.038 days, Δt: 30 seconds, umax = (4.9e-01, 4.9e-01, 3.0e-02) ms⁻¹, wall time: 19.617 minutes
i: 10000, t: 3.385 days, Δt: 30 seconds, umax = (4.9e-01, 4.9e-01, 3.8e-02) ms⁻¹, wall time: 21.771 minutes
i: 11000, t: 3.732 days, Δt: 30 seconds, umax = (4.9e-01, 4.9e-01, 3.8e-02) ms⁻¹, wall time: 23.951 minutes
i: 12000, t: 4.080 days, Δt: 30 seconds, umax = (4.9e-01, 4.9e-01, 3.9e-02) ms⁻¹, wall time: 26.180 minutes
i: 13000, t: 4.427 days, Δt: 30 seconds, umax = (4.9e-01, 4.9e-01, 3.8e-02) ms⁻¹, wall time: 28.353 minutes
i: 14000, t: 4.774 days, Δt: 30 seconds, umax = (4.9e-01, 4.8e-01, 3.7e-02) ms⁻¹, wall time: 30.527 minutes
i: 15000, t: 5.121 days, Δt: 30 seconds, umax = (4.8e-01, 4.8e-01, 3.7e-02) ms⁻¹, wall time: 32.767 minutes
i: 16000, t: 5.468 days, Δt: 30 seconds, umax = (4.7e-01, 4.7e-01, 2.9e-02) ms⁻¹, wall time: 34.934 minutes
i: 17000, t: 5.816 days, Δt: 30 seconds, umax = (4.7e-01, 4.5e-01, 2.1e-02) ms⁻¹, wall time: 37.096 minutes
i: 18000, t: 6.163 days, Δt: 30 seconds, umax = (4.8e-01, 4.3e-01, 2.2e-02) ms⁻¹, wall time: 39.321 minutes
i: 19000, t: 6.510 days, Δt: 30 seconds, umax = (4.8e-01, 4.2e-01, 1.7e-02) ms⁻¹, wall time: 41.496 minutes
i: 20000, t: 6.857 days, Δt: 30 seconds, umax = (4.9e-01, 4.3e-01, 2.9e-02) ms⁻¹, wall time: 43.663 minutes
i: 21000, t: 7.205 days, Δt: 30 seconds, umax = (4.9e-01, 4.6e-01, 3.3e-02) ms⁻¹, wall time: 45.883 minutes
i: 22000, t: 7.552 days, Δt: 30 seconds, umax = (5.0e-01, 4.8e-01, 3.3e-02) ms⁻¹, wall time: 48.060 minutes
i: 23000, t: 7.899 days, Δt: 30 seconds, umax = (5.1e-01, 4.9e-01, 3.5e-02) ms⁻¹, wall time: 50.233 minutes
i: 24000, t: 8.246 days, Δt: 30 seconds, umax = (5.1e-01, 4.9e-01, 2.1e-02) ms⁻¹, wall time: 52.460 minutes
i: 25000, t: 8.593 days, Δt: 30 seconds, umax = (5.2e-01, 4.9e-01, 3.5e-02) ms⁻¹, wall time: 54.634 minutes
i: 26000, t: 8.941 days, Δt: 30 seconds, umax = (5.3e-01, 4.8e-01, 3.5e-02) ms⁻¹, wall time: 56.803 minutes
i: 27000, t: 9.288 days, Δt: 30 seconds, umax = (5.3e-01, 4.5e-01, 2.6e-02) ms⁻¹, wall time: 59.015 minutes
i: 28000, t: 9.635 days, Δt: 30 seconds, umax = (5.5e-01, 4.5e-01, 3.6e-02) ms⁻¹, wall time: 1.019 hours
i: 29000, t: 9.982 days, Δt: 30 seconds, umax = (5.4e-01, 4.5e-01, 3.5e-02) ms⁻¹, wall time: 1.055 hours
i: 30000, t: 10.330 days, Δt: 30 seconds, umax = (5.4e-01, 4.3e-01, 3.9e-02) ms⁻¹, wall time: 1.092 hours
i: 31000, t: 10.677 days, Δt: 30 seconds, umax = (5.3e-01, 4.1e-01, 4.2e-02) ms⁻¹, wall time: 1.127 hours
i: 32000, t: 11.024 days, Δt: 30 seconds, umax = (5.4e-01, 4.0e-01, 3.7e-02) ms⁻¹, wall time: 1.163 hours
i: 33000, t: 11.371 days, Δt: 30 seconds, umax = (5.4e-01, 3.8e-01, 3.1e-02) ms⁻¹, wall time: 1.198 hours
i: 34000, t: 11.718 days, Δt: 30 seconds, umax = (5.5e-01, 3.6e-01, 3.7e-02) ms⁻¹, wall time: 1.233 hours
i: 35000, t: 12.066 days, Δt: 30 seconds, umax = (5.5e-01, 3.6e-01, 4.1e-02) ms⁻¹, wall time: 1.269 hours
i: 36000, t: 12.413 days, Δt: 30 seconds, umax = (5.5e-01, 3.7e-01, 5.2e-02) ms⁻¹, wall time: 1.304 hours
i: 37000, t: 12.760 days, Δt: 30 seconds, umax = (5.5e-01, 3.7e-01, 7.6e-02) ms⁻¹, wall time: 1.338 hours
i: 38000, t: 13.107 days, Δt: 30 seconds, umax = (5.5e-01, 3.5e-01, 6.0e-02) ms⁻¹, wall time: 1.374 hours
i: 39000, t: 13.455 days, Δt: 30 seconds, umax = (5.6e-01, 3.6e-01, 4.3e-02) ms⁻¹, wall time: 1.408 hours
i: 40000, t: 13.802 days, Δt: 30 seconds, umax = (5.5e-01, 4.1e-01, 5.0e-02) ms⁻¹, wall time: 1.443 hours
i: 41000, t: 14.149 days, Δt: 30 seconds, umax = (5.4e-01, 4.8e-01, 4.0e-02) ms⁻¹, wall time: 1.478 hours
i: 42000, t: 14.496 days, Δt: 30 seconds, umax = (5.3e-01, 5.3e-01, 4.2e-02) ms⁻¹, wall time: 1.513 hours
i: 43000, t: 14.843 days, Δt: 30 seconds, umax = (5.0e-01, 5.6e-01, 4.0e-02) ms⁻¹, wall time: 1.548 hours
i: 44000, t: 15.191 days, Δt: 30 seconds, umax = (4.8e-01, 6.0e-01, 4.7e-02) ms⁻¹, wall time: 1.583 hours
i: 45000, t: 15.538 days, Δt: 30 seconds, umax = (4.6e-01, 6.2e-01, 4.3e-02) ms⁻¹, wall time: 1.618 hours
i: 46000, t: 15.885 days, Δt: 30 seconds, umax = (4.3e-01, 6.2e-01, 4.3e-02) ms⁻¹, wall time: 1.652 hours
i: 47000, t: 16.232 days, Δt: 30 seconds, umax = (4.0e-01, 6.0e-01, 4.4e-02) ms⁻¹, wall time: 1.688 hours
i: 48000, t: 16.580 days, Δt: 30 seconds, umax = (4.1e-01, 5.8e-01, 4.1e-02) ms⁻¹, wall time: 1.722 hours
i: 49000, t: 16.927 days, Δt: 30 seconds, umax = (4.1e-01, 5.7e-01, 5.4e-02) ms⁻¹, wall time: 1.757 hours
i: 50000, t: 17.274 days, Δt: 30 seconds, umax = (3.9e-01, 5.8e-01, 5.0e-02) ms⁻¹, wall time: 1.793 hours
i: 51000, t: 17.621 days, Δt: 30 seconds, umax = (3.5e-01, 6.1e-01, 5.3e-02) ms⁻¹, wall time: 1.827 hours
i: 52000, t: 17.968 days, Δt: 30 seconds, umax = (3.3e-01, 6.2e-01, 6.3e-02) ms⁻¹, wall time: 1.862 hours
i: 53000, t: 18.316 days, Δt: 30 seconds, umax = (3.4e-01, 6.2e-01, 5.3e-02) ms⁻¹, wall time: 1.898 hours
i: 54000, t: 18.663 days, Δt: 30 seconds, umax = (3.2e-01, 6.0e-01, 8.6e-02) ms⁻¹, wall time: 1.933 hours
i: 55000, t: 19.010 days, Δt: 30 seconds, umax = (4.0e-01, 5.8e-01, 7.3e-02) ms⁻¹, wall time: 1.968 hours
i: 56000, t: 19.357 days, Δt: 30 seconds, umax = (4.8e-01, 5.6e-01, 7.9e-02) ms⁻¹, wall time: 2.003 hours
i: 57000, t: 19.705 days, Δt: 30 seconds, umax = (6.0e-01, 5.4e-01, 1.0e-01) ms⁻¹, wall time: 2.038 hours
i: 58000, t: 20.052 days, Δt: 30 seconds, umax = (6.8e-01, 5.1e-01, 8.4e-02) ms⁻¹, wall time: 2.074 hours
i: 59000, t: 20.399 days, Δt: 30 seconds, umax = (7.0e-01, 4.7e-01, 6.3e-02) ms⁻¹, wall time: 2.109 hours
i: 60000, t: 20.746 days, Δt: 30 seconds, umax = (6.7e-01, 4.5e-01, 7.6e-02) ms⁻¹, wall time: 2.144 hours
i: 61000, t: 21.093 days, Δt: 30 seconds, umax = (6.7e-01, 5.4e-01, 7.8e-02) ms⁻¹, wall time: 2.179 hours
i: 62000, t: 21.441 days, Δt: 30 seconds, umax = (6.9e-01, 6.1e-01, 6.2e-02) ms⁻¹, wall time: 2.214 hours
i: 63000, t: 21.788 days, Δt: 30 seconds, umax = (6.8e-01, 6.7e-01, 8.0e-02) ms⁻¹, wall time: 2.249 hours
i: 64000, t: 22.135 days, Δt: 30 seconds, umax = (6.5e-01, 6.8e-01, 8.3e-02) ms⁻¹, wall time: 2.285 hours
i: 65000, t: 22.482 days, Δt: 30 seconds, umax = (6.2e-01, 6.6e-01, 1.0e-01) ms⁻¹, wall time: 2.320 hours
i: 66000, t: 22.830 days, Δt: 30 seconds, umax = (6.0e-01, 6.4e-01, 9.0e-02) ms⁻¹, wall time: 2.354 hours
i: 67000, t: 23.177 days, Δt: 30 seconds, umax = (5.9e-01, 6.1e-01, 7.6e-02) ms⁻¹, wall time: 2.390 hours
i: 68000, t: 23.524 days, Δt: 30 seconds, umax = (5.4e-01, 6.3e-01, 9.5e-02) ms⁻¹, wall time: 2.425 hours
i: 69000, t: 23.871 days, Δt: 30 seconds, umax = (4.8e-01, 6.5e-01, 9.9e-02) ms⁻¹, wall time: 2.460 hours
i: 70000, t: 24.218 days, Δt: 30 seconds, umax = (5.1e-01, 6.2e-01, 8.4e-02) ms⁻¹, wall time: 2.495 hours
i: 71000, t: 24.566 days, Δt: 30 seconds, umax = (5.5e-01, 5.6e-01, 9.9e-02) ms⁻¹, wall time: 2.530 hours
i: 72000, t: 24.913 days, Δt: 30 seconds, umax = (5.6e-01, 5.3e-01, 8.9e-02) ms⁻¹, wall time: 2.565 hours
i: 73000, t: 25.260 days, Δt: 30 seconds, umax = (5.6e-01, 5.3e-01, 8.8e-02) ms⁻¹, wall time: 2.600 hours
i: 74000, t: 25.607 days, Δt: 30 seconds, umax = (5.9e-01, 5.3e-01, 8.4e-02) ms⁻¹, wall time: 2.635 hours
i: 75000, t: 25.955 days, Δt: 30 seconds, umax = (6.3e-01, 5.2e-01, 8.2e-02) ms⁻¹, wall time: 2.669 hours
i: 76000, t: 26.302 days, Δt: 30 seconds, umax = (6.5e-01, 4.8e-01, 8.6e-02) ms⁻¹, wall time: 2.704 hours
i: 77000, t: 26.649 days, Δt: 30 seconds, umax = (6.5e-01, 5.1e-01, 9.9e-02) ms⁻¹, wall time: 2.739 hours
i: 78000, t: 26.996 days, Δt: 30 seconds, umax = (6.4e-01, 5.7e-01, 8.0e-02) ms⁻¹, wall time: 2.773 hours
i: 79000, t: 27.343 days, Δt: 30 seconds, umax = (6.3e-01, 6.3e-01, 1.0e-01) ms⁻¹, wall time: 2.809 hours
i: 80000, t: 27.691 days, Δt: 30 seconds, umax = (6.4e-01, 6.3e-01, 9.7e-02) ms⁻¹, wall time: 2.843 hours
i: 81000, t: 28.038 days, Δt: 30 seconds, umax = (6.3e-01, 6.1e-01, 7.5e-02) ms⁻¹, wall time: 2.879 hours
i: 82000, t: 28.385 days, Δt: 30 seconds, umax = (6.1e-01, 6.2e-01, 7.9e-02) ms⁻¹, wall time: 2.913 hours
i: 83000, t: 28.732 days, Δt: 30 seconds, umax = (6.1e-01, 6.2e-01, 9.6e-02) ms⁻¹, wall time: 2.948 hours
i: 84000, t: 29.080 days, Δt: 30 seconds, umax = (5.7e-01, 5.9e-01, 9.5e-02) ms⁻¹, wall time: 2.984 hours
i: 85000, t: 29.427 days, Δt: 30 seconds, umax = (5.9e-01, 5.9e-01, 8.4e-02) ms⁻¹, wall time: 3.019 hours
i: 86000, t: 29.774 days, Δt: 30 seconds, umax = (6.0e-01, 5.6e-01, 8.1e-02) ms⁻¹, wall time: 3.054 hours
i: 87000, t: 30.121 days, Δt: 30 seconds, umax = (5.9e-01, 5.7e-01, 8.2e-02) ms⁻¹, wall time: 3.092 hours
i: 88000, t: 30.468 days, Δt: 30 seconds, umax = (5.9e-01, 5.8e-01, 8.5e-02) ms⁻¹, wall time: 3.127 hours
i: 89000, t: 30.816 days, Δt: 30 seconds, umax = (5.6e-01, 5.6e-01, 8.9e-02) ms⁻¹, wall time: 3.162 hours
i: 90000, t: 31.163 days, Δt: 30 seconds, umax = (5.5e-01, 6.0e-01, 8.5e-02) ms⁻¹, wall time: 3.198 hours
i: 91000, t: 31.510 days, Δt: 30 seconds, umax = (5.7e-01, 5.8e-01, 8.5e-02) ms⁻¹, wall time: 3.233 hours
i: 92000, t: 31.857 days, Δt: 30 seconds, umax = (5.8e-01, 5.8e-01, 8.3e-02) ms⁻¹, wall time: 3.268 hours
i: 93000, t: 32.205 days, Δt: 30 seconds, umax = (5.9e-01, 5.7e-01, 8.0e-02) ms⁻¹, wall time: 3.304 hours
i: 94000, t: 32.552 days, Δt: 30 seconds, umax = (5.8e-01, 6.1e-01, 8.3e-02) ms⁻¹, wall time: 3.339 hours
i: 95000, t: 32.899 days, Δt: 30 seconds, umax = (5.8e-01, 6.0e-01, 8.6e-02) ms⁻¹, wall time: 3.374 hours
i: 96000, t: 33.246 days, Δt: 30 seconds, umax = (6.1e-01, 5.7e-01, 7.7e-02) ms⁻¹, wall time: 3.409 hours
i: 97000, t: 33.593 days, Δt: 30 seconds, umax = (5.8e-01, 5.8e-01, 8.1e-02) ms⁻¹, wall time: 3.444 hours
i: 98000, t: 33.941 days, Δt: 30 seconds, umax = (5.7e-01, 6.0e-01, 7.9e-02) ms⁻¹, wall time: 3.479 hours
i: 99000, t: 34.288 days, Δt: 30 seconds, umax = (5.3e-01, 6.2e-01, 8.4e-02) ms⁻¹, wall time: 3.515 hours
i: 100000, t: 34.635 days, Δt: 30 seconds, umax = (5.5e-01, 5.7e-01, 9.5e-02) ms⁻¹, wall time: 3.549 hours
i: 101000, t: 34.982 days, Δt: 30 seconds, umax = (5.6e-01, 5.6e-01, 1.1e-01) ms⁻¹, wall time: 3.584 hours
i: 102000, t: 35.330 days, Δt: 30 seconds, umax = (5.5e-01, 5.5e-01, 8.3e-02) ms⁻¹, wall time: 3.620 hours
i: 103000, t: 35.677 days, Δt: 30 seconds, umax = (5.3e-01, 5.7e-01, 1.0e-01) ms⁻¹, wall time: 3.655 hours
i: 104000, t: 36.024 days, Δt: 30 seconds, umax = (5.4e-01, 5.7e-01, 8.3e-02) ms⁻¹, wall time: 3.690 hours
i: 105000, t: 36.371 days, Δt: 30 seconds, umax = (5.7e-01, 5.5e-01, 9.3e-02) ms⁻¹, wall time: 3.725 hours
i: 106000, t: 36.718 days, Δt: 30 seconds, umax = (5.7e-01, 5.3e-01, 8.4e-02) ms⁻¹, wall time: 3.760 hours
i: 107000, t: 37.066 days, Δt: 30 seconds, umax = (5.5e-01, 5.3e-01, 1.1e-01) ms⁻¹, wall time: 3.795 hours
i: 108000, t: 37.413 days, Δt: 30 seconds, umax = (5.5e-01, 5.5e-01, 1.0e-01) ms⁻¹, wall time: 3.830 hours
i: 109000, t: 37.760 days, Δt: 30 seconds, umax = (5.7e-01, 5.4e-01, 8.0e-02) ms⁻¹, wall time: 3.865 hours
i: 110000, t: 38.107 days, Δt: 30 seconds, umax = (5.8e-01, 5.4e-01, 8.9e-02) ms⁻¹, wall time: 3.900 hours
i: 111000, t: 38.455 days, Δt: 30 seconds, umax = (5.8e-01, 5.3e-01, 9.8e-02) ms⁻¹, wall time: 3.935 hours
i: 112000, t: 38.802 days, Δt: 30 seconds, umax = (5.8e-01, 5.4e-01, 9.9e-02) ms⁻¹, wall time: 3.970 hours
i: 113000, t: 39.149 days, Δt: 30 seconds, umax = (5.8e-01, 5.7e-01, 9.1e-02) ms⁻¹, wall time: 4.005 hours
i: 114000, t: 39.496 days, Δt: 30 seconds, umax = (5.8e-01, 5.5e-01, 1.0e-01) ms⁻¹, wall time: 4.040 hours
i: 115000, t: 39.843 days, Δt: 30 seconds, umax = (5.7e-01, 5.8e-01, 1.3e-01) ms⁻¹, wall time: 4.074 hours
i: 116000, t: 40.191 days, Δt: 30 seconds, umax = (5.7e-01, 5.8e-01, 9.6e-02) ms⁻¹, wall time: 4.110 hours
i: 117000, t: 40.538 days, Δt: 30 seconds, umax = (5.6e-01, 5.8e-01, 1.2e-01) ms⁻¹, wall time: 4.145 hours
i: 118000, t: 40.885 days, Δt: 30 seconds, umax = (5.7e-01, 5.8e-01, 9.9e-02) ms⁻¹, wall time: 4.180 hours
i: 119000, t: 41.232 days, Δt: 30 seconds, umax = (5.5e-01, 5.9e-01, 9.3e-02) ms⁻¹, wall time: 4.216 hours
i: 120000, t: 41.580 days, Δt: 30 seconds, umax = (5.5e-01, 5.8e-01, 9.3e-02) ms⁻¹, wall time: 4.251 hours
i: 121000, t: 41.927 days, Δt: 30 seconds, umax = (5.5e-01, 5.9e-01, 9.3e-02) ms⁻¹, wall time: 4.285 hours
i: 122000, t: 42.274 days, Δt: 30 seconds, umax = (5.5e-01, 5.8e-01, 9.0e-02) ms⁻¹, wall time: 4.321 hours
i: 123000, t: 42.621 days, Δt: 30 seconds, umax = (5.2e-01, 5.8e-01, 9.5e-02) ms⁻¹, wall time: 4.356 hours
i: 124000, t: 42.968 days, Δt: 30 seconds, umax = (5.2e-01, 5.6e-01, 1.1e-01) ms⁻¹, wall time: 4.391 hours
